<?xml version="1.0" encoding="UTF-8"?>
<!-- Generated by org.testng.reporters.JUnitXMLReporter -->
<testsuite ignored="0" hostname="DESKTOP-GU03B2P" failures="0" tests="3" name="ChromeTest" time="54.239" errors="0" timestamp="2023-02-13T18:05:22 IST">
  <testcase classname="testPack.AddToCartNgClass" name="clickOnAddToCartButton" time="10.342"/>
  <testcase classname="testPack.SearchProductNgClass" name="clickOnSearchBar" time="33.744"/>
  <testcase classname="testPack.SelectSpeicificProductNgClass" name="clickOnSecificProduct" time="25.016"/>
</testsuite> <!-- ChromeTest -->
