<?xml version="1.0" encoding="UTF-8"?>
<!-- Generated by org.testng.reporters.JUnitXMLReporter -->
<testsuite ignored="0" hostname="DESKTOP-GU03B2P" failures="0" tests="3" name="Test" time="65.043" errors="0" timestamp="2023-02-07T12:45:20 IST">
  <testcase classname="testPack.SearchProductNgClass" name="clickOnSearchBar" time="13.645"/>
  <testcase classname="testPack.SelectSpeicificProductNgClass" name="clickOnSecificProduct" time="11.949"/>
  <testcase classname="testPack.AddToCartNgClass" name="clickOnAddToCartButton" time="5.654"/>
</testsuite> <!-- Test -->
