<?xml version="1.0" encoding="UTF-8"?>
<!-- Generated by org.testng.reporters.JUnitXMLReporter -->
<testsuite ignored="0" hostname="DESKTOP-GU03B2P" failures="1" tests="1" name="ChromeTest(failed)" time="20.521" errors="0" timestamp="2023-02-11T15:06:27 IST">
  <testcase classname="testPack.SearchProductNgClass" name="clickOnSearchBar" time="12.771">
    <failure type="java.lang.NullPointerException" message="Cannot invoke &amp;quot;org.openqa.selenium.TakesScreenshot.getScreenshotAs(org.openqa.selenium.OutputType)&amp;quot; because &amp;quot;t&amp;quot; is null">
      <![CDATA[java.lang.NullPointerException: Cannot invoke "org.openqa.selenium.TakesScreenshot.getScreenshotAs(org.openqa.selenium.OutputType)" because "t" is null
at utils.Utility.captureScreenShot(Utility.java:27)
at pomClasses.SearchAmazonPage.clickOnSearchitem(SearchAmazonPage.java:47)
at testPack.SearchProductNgClass.clickOnSearchBar(SearchProductNgClass.java:80)
at java.base/java.util.concurrent.ThreadPoolExecutor.runWorker(ThreadPoolExecutor.java:1136)
at java.base/java.util.concurrent.ThreadPoolExecutor$Worker.run(ThreadPoolExecutor.java:635)
at java.base/java.lang.Thread.run(Thread.java:833)
... Removed 10 stack frames]]>
    </failure>
  </testcase> <!-- clickOnSearchBar -->
</testsuite> <!-- ChromeTest(failed) -->
